<?xml version="1.0" encoding="UTF-8"?>
<!-- Generated by org.testng.reporters.JUnitReportReporter -->
<testsuite hostname="sharu" failures="0" tests="3" name="com.selenium.TestngAnnotations" time="0.010" errors="0" timestamp="2024-04-10T14:28:36 IST" skipped="0">
  <testcase classname="com.selenium.TestngAnnotations" name="kids" time="0.007"/>
  <testcase classname="com.selenium.TestngAnnotations" name="men" time="0.002"/>
  <testcase classname="com.selenium.TestngAnnotations" name="women" time="0.001"/>
</testsuite> <!-- com.selenium.TestngAnnotations -->
